SF:lib\data\datasources\tv_local_data_source.dart
DA:15,1
DA:17,1
DA:20,2
DA:23,2
DA:27,1
DA:30,2
DA:33,2
DA:37,1
DA:40,2
DA:41,4
DA:43,2
DA:47,1
DA:49,2
DA:51,1
LF:14
LH:14
end_of_record
SF:lib\data\models\genre_model.dart
DA:5,17
DA:13,2
DA:14,1
DA:15,1
DA:18,0
DA:19,0
DA:20,0
DA:23,1
DA:24,3
DA:27,1
DA:28,3
LF:11
LH:8
end_of_record
SF:lib\data\models\season_detail_model.dart
DA:12,0
DA:13,0
DA:15,0
DA:16,0
DA:29,17
DA:41,2
DA:42,1
DA:43,1
DA:44,5
DA:45,1
DA:46,1
DA:47,1
DA:48,1
DA:49,1
DA:50,1
DA:52,1
DA:53,1
DA:54,1
DA:55,1
DA:56,1
DA:57,0
DA:58,1
DA:59,4
DA:60,1
DA:61,1
DA:62,1
DA:63,1
DA:64,1
DA:65,2
DA:68,0
DA:69,0
DA:70,0
DA:71,0
DA:72,0
DA:73,0
DA:74,0
DA:75,0
DA:76,0
DA:77,0
DA:78,0
DA:79,0
DA:82,1
DA:83,1
DA:84,1
DA:85,1
DA:86,1
DA:87,1
DA:88,1
DA:89,1
DA:90,1
DA:91,1
DA:92,1
DA:111,17
DA:127,2
DA:128,1
DA:129,1
DA:130,1
DA:131,1
DA:132,1
DA:133,1
DA:134,1
DA:135,1
DA:136,1
DA:137,1
DA:138,1
DA:139,1
DA:140,1
DA:142,2
DA:143,1
DA:144,1
DA:145,1
DA:146,1
DA:147,1
DA:148,1
DA:149,1
DA:150,1
DA:151,1
DA:152,1
DA:153,1
DA:154,2
DA:155,1
DA:158,0
DA:159,0
DA:160,0
DA:161,0
DA:162,0
DA:163,0
DA:164,0
DA:165,0
DA:166,0
DA:167,0
DA:168,0
DA:169,0
DA:170,0
DA:171,0
DA:174,1
DA:175,1
DA:176,1
DA:177,1
DA:178,1
DA:179,1
DA:180,1
DA:181,1
DA:182,1
DA:183,1
DA:184,1
DA:185,1
DA:186,1
DA:187,1
DA:188,1
LF:110
LH:79
end_of_record
SF:lib\data\models\season_model.dart
DA:14,17
DA:25,2
DA:26,1
DA:27,1
DA:28,1
DA:29,1
DA:30,1
DA:31,1
DA:32,1
DA:33,2
DA:48,2
DA:49,1
DA:50,1
DA:51,1
DA:52,1
DA:53,1
DA:54,1
DA:55,1
DA:56,1
DA:58,1
DA:59,1
DA:60,1
DA:61,1
DA:62,1
DA:63,1
DA:64,1
DA:65,1
DA:66,1
DA:67,1
LF:29
LH:29
end_of_record
SF:lib\data\models\tv_detail_model.dart
DA:34,2
DA:63,1
DA:64,1
DA:65,1
DA:66,1
DA:67,4
DA:68,2
DA:69,1
DA:70,4
DA:71,1
DA:72,1
DA:73,1
DA:74,4
DA:75,2
DA:76,1
DA:77,1
DA:78,1
DA:79,1
DA:80,4
DA:81,1
DA:82,1
DA:83,1
DA:84,2
DA:85,1
DA:86,1
DA:87,4
DA:88,1
DA:89,1
DA:90,1
DA:91,2
DA:92,1
DA:126,2
DA:127,1
DA:128,1
DA:129,1
DA:130,1
DA:131,5
DA:132,1
DA:133,1
DA:134,1
DA:135,1
DA:136,1
DA:137,1
DA:138,1
DA:139,1
DA:140,1
DA:141,1
DA:142,1
DA:143,1
DA:144,1
DA:145,1
DA:146,1
DA:147,5
DA:148,1
DA:149,1
DA:150,1
DA:151,1
DA:152,1
DA:155,1
DA:156,1
DA:157,1
DA:158,1
DA:159,1
DA:160,1
DA:161,1
DA:162,1
DA:163,1
DA:164,1
DA:165,1
DA:166,1
DA:167,1
DA:168,1
DA:169,1
DA:170,1
DA:171,1
DA:172,1
DA:173,1
DA:174,1
DA:175,1
DA:176,1
DA:177,1
DA:178,1
DA:179,1
DA:180,1
DA:181,1
DA:182,1
LF:86
LH:86
end_of_record
SF:lib\data\models\tv_table.dart
DA:12,18
DA:19,2
DA:20,1
DA:21,1
DA:22,1
DA:23,1
DA:26,2
DA:27,1
DA:28,1
DA:29,1
DA:30,1
DA:33,0
DA:34,0
DA:35,0
DA:36,0
DA:37,0
DA:40,0
DA:41,0
DA:42,0
DA:43,0
DA:44,0
DA:47,2
DA:48,1
DA:49,1
DA:50,1
DA:51,1
DA:54,2
DA:55,10
LF:28
LH:18
end_of_record
SF:lib\domain\entities\episode.dart
DA:18,17
DA:34,3
DA:35,3
DA:36,3
DA:37,3
DA:38,3
DA:39,3
DA:40,3
DA:41,3
DA:42,3
DA:43,3
DA:44,3
DA:45,3
DA:46,3
DA:47,3
DA:48,3
LF:16
LH:16
end_of_record
SF:lib\domain\entities\season.dart
DA:13,17
DA:24,2
DA:25,2
DA:26,2
DA:27,2
DA:28,2
DA:29,2
DA:30,2
DA:31,2
DA:32,2
DA:33,2
LF:11
LH:11
end_of_record
SF:lib\domain\entities\season_detail.dart
DA:15,17
DA:27,3
DA:28,3
DA:29,3
DA:30,3
DA:31,3
DA:32,3
DA:33,3
DA:34,3
DA:35,3
DA:36,3
DA:37,3
LF:12
LH:12
end_of_record
SF:lib\domain\entities\tv.dart
DA:5,14
DA:21,1
DA:43,8
DA:44,8
DA:45,8
DA:46,8
DA:47,8
DA:48,8
DA:49,8
DA:50,8
DA:51,8
DA:52,8
DA:53,8
DA:54,8
DA:55,8
DA:56,8
DA:57,8
DA:58,8
LF:18
LH:18
end_of_record
SF:lib\domain\entities\tv_detail.dart
DA:33,7
DA:61,2
DA:62,2
DA:63,2
DA:64,2
DA:65,2
DA:66,2
DA:67,2
DA:68,2
DA:69,2
DA:70,2
DA:71,2
DA:72,2
DA:73,2
DA:74,2
DA:75,2
DA:76,2
DA:77,2
DA:78,2
DA:79,2
DA:80,2
DA:81,2
DA:82,2
DA:83,2
DA:84,2
DA:85,2
DA:86,2
DA:87,2
DA:88,2
LF:29
LH:29
end_of_record
SF:lib\data\datasources\tv_remote_data_source.dart
DA:26,1
DA:28,1
DA:31,3
DA:33,2
DA:34,4
DA:36,1
DA:40,1
DA:43,3
DA:45,2
DA:46,4
DA:48,1
DA:52,1
DA:55,3
DA:57,2
DA:58,4
DA:60,1
DA:64,1
DA:66,4
DA:68,2
DA:69,3
DA:71,1
DA:75,1
DA:77,1
DA:78,3
DA:80,2
DA:81,4
DA:83,1
DA:87,0
DA:89,0
DA:90,0
DA:92,0
DA:93,0
DA:95,0
DA:99,1
DA:101,1
DA:102,3
DA:104,2
DA:105,3
DA:107,1
LF:39
LH:33
end_of_record
SF:lib\data\models\tv_model.dart
DA:5,4
DA:35,4
DA:36,2
DA:37,2
DA:38,8
DA:39,2
DA:40,8
DA:41,2
DA:42,2
DA:43,4
DA:44,2
DA:45,2
DA:46,2
DA:47,4
DA:48,2
DA:51,2
DA:52,1
DA:53,1
DA:54,4
DA:55,1
DA:56,1
DA:57,1
DA:58,1
DA:59,1
DA:60,1
DA:61,1
DA:62,1
DA:63,1
DA:66,1
DA:67,1
DA:68,1
DA:69,1
DA:70,1
DA:71,1
DA:72,1
DA:73,1
DA:74,1
DA:75,1
DA:76,1
DA:77,1
DA:78,1
DA:79,1
DA:80,1
DA:84,2
DA:85,2
DA:86,2
DA:87,2
DA:88,2
DA:89,2
DA:90,2
DA:91,2
DA:92,2
DA:93,2
DA:94,2
DA:95,2
DA:96,2
DA:97,2
DA:98,2
LF:58
LH:58
end_of_record
SF:lib\presentation\bloc\tv_watchlist_status_bloc\tv_watchlist_status_event.dart
DA:4,3
DA:6,0
DA:7,0
DA:13,3
DA:15,0
DA:16,0
DA:22,2
DA:24,0
DA:25,0
DA:31,2
DA:33,0
DA:34,0
LF:12
LH:4
end_of_record
SF:lib\presentation\bloc\tv_watchlist_status_bloc\tv_watchlist_status_bloc.dart
DA:16,1
DA:18,1
DA:19,2
DA:20,2
DA:21,2
DA:24,1
DA:26,3
DA:27,2
DA:30,1
DA:32,3
DA:34,2
DA:35,2
DA:36,1
DA:37,2
DA:40,4
DA:43,1
DA:45,3
DA:47,2
DA:48,2
DA:49,1
DA:50,2
DA:53,4
LF:22
LH:22
end_of_record
SF:lib\presentation\bloc\tv_watchlist_status_bloc\tv_watchlist_status_state.dart
DA:4,19
DA:6,1
DA:7,1
DA:15,18
DA:17,1
DA:18,2
LF:6
LH:6
end_of_record
SF:lib\domain\usecases\get_tv_watchlist_status.dart
DA:5,1
DA:7,1
DA:8,2
LF:3
LH:3
end_of_record
SF:lib\domain\usecases\remove_watchlist_tv.dart
DA:8,1
DA:10,1
DA:11,2
LF:3
LH:3
end_of_record
SF:lib\domain\usecases\save_watchlist_tv.dart
DA:8,1
DA:10,1
DA:11,2
LF:3
LH:3
end_of_record
SF:lib\presentation\bloc\airing_today_tv_bloc\airing_today_tv_bloc.dart
DA:11,3
DA:12,2
DA:13,2
DA:15,2
DA:17,2
DA:18,2
DA:19,1
DA:20,1
DA:21,2
DA:23,2
LF:10
LH:10
end_of_record
SF:lib\presentation\bloc\airing_today_tv_bloc\airing_today_tv_event.dart
DA:4,2
DA:6,0
DA:7,0
LF:3
LH:1
end_of_record
SF:lib\presentation\bloc\airing_today_tv_bloc\airing_today_tv_state.dart
DA:4,3
DA:6,1
DA:7,1
DA:19,2
DA:21,1
DA:22,2
LF:6
LH:6
end_of_record
SF:lib\domain\usecases\get_airing_today_tv.dart
DA:8,1
DA:10,1
DA:11,2
LF:3
LH:3
end_of_record
SF:lib\presentation\bloc\popular_tv_bloc\popular_tv_bloc.dart
DA:11,3
DA:12,2
DA:13,2
DA:15,2
DA:17,2
DA:18,2
DA:19,1
DA:20,1
DA:21,2
DA:23,2
LF:10
LH:10
end_of_record
SF:lib\presentation\bloc\popular_tv_bloc\popular_tv_state.dart
DA:4,3
DA:6,1
DA:7,1
DA:19,2
DA:21,1
DA:22,2
LF:6
LH:6
end_of_record
SF:lib\presentation\bloc\popular_tv_bloc\popular_tv_event.dart
DA:4,2
DA:6,0
DA:7,0
LF:3
LH:1
end_of_record
SF:lib\domain\usecases\get_popular_tv.dart
DA:8,1
DA:10,1
DA:11,2
LF:3
LH:3
end_of_record
SF:lib\presentation\bloc\search_tvs_bloc\search_tvs_event.dart
DA:4,1
DA:6,0
DA:7,0
DA:13,1
DA:15,0
DA:16,0
LF:6
LH:2
end_of_record
SF:lib\presentation\bloc\search_tvs_bloc\search_tvs_state.dart
DA:4,2
DA:6,1
DA:7,1
DA:19,2
DA:21,1
DA:22,2
DA:28,1
DA:30,1
DA:31,2
LF:9
LH:9
end_of_record
SF:lib\presentation\bloc\search_tvs_bloc\search_tvs_bloc.dart
DA:12,3
DA:13,2
DA:14,1
DA:16,2
DA:17,2
DA:19,2
DA:20,3
DA:21,1
DA:22,1
DA:23,2
DA:25,2
DA:28,1
LF:12
LH:12
end_of_record
SF:lib\domain\usecases\search_tvs.dart
DA:8,1
DA:10,1
DA:11,2
LF:3
LH:3
end_of_record
SF:lib\presentation\bloc\top_rated_tv_bloc\top_rated_tv_event.dart
DA:4,2
DA:6,0
DA:7,0
LF:3
LH:1
end_of_record
SF:lib\presentation\bloc\top_rated_tv_bloc\top_rated_tv_bloc.dart
DA:11,3
DA:12,2
DA:13,2
DA:15,2
DA:17,2
DA:18,2
DA:19,1
DA:20,1
DA:21,2
DA:23,2
LF:10
LH:10
end_of_record
SF:lib\presentation\bloc\top_rated_tv_bloc\top_rated_tv_state.dart
DA:4,3
DA:6,1
DA:7,1
DA:19,2
DA:21,1
DA:22,2
LF:6
LH:6
end_of_record
SF:lib\domain\usecases\get_top_rated_tv.dart
DA:8,1
DA:10,1
DA:11,2
LF:3
LH:3
end_of_record
SF:lib\presentation\bloc\tv_detail_bloc\tv_detail_event.dart
DA:4,2
DA:6,0
DA:7,0
DA:13,2
DA:15,0
DA:16,0
LF:6
LH:2
end_of_record
SF:lib\presentation\bloc\tv_detail_bloc\tv_detail_state.dart
DA:4,2
DA:6,1
DA:7,1
DA:19,2
DA:24,1
DA:25,4
LF:6
LH:6
end_of_record
SF:lib\presentation\bloc\tv_detail_bloc\tv_detail_bloc.dart
DA:17,1
DA:19,2
DA:20,2
DA:23,1
DA:25,2
DA:27,3
DA:28,3
DA:31,1
DA:32,1
DA:34,2
DA:35,2
DA:36,1
DA:39,2
DA:44,2
DA:45,1
DA:47,2
DA:48,4
DA:50,2
DA:51,1
DA:55,2
LF:20
LH:20
end_of_record
SF:lib\domain\usecases\get_season_detail.dart
DA:8,1
DA:10,1
DA:11,2
LF:3
LH:3
end_of_record
SF:lib\domain\usecases\get_tv_detail.dart
DA:8,1
DA:10,1
DA:11,2
LF:3
LH:3
end_of_record
SF:lib\domain\usecases\get_tv_recommendations.dart
DA:8,1
DA:10,1
DA:11,2
LF:3
LH:3
end_of_record
SF:lib\presentation\pages\airing_today_tv_page.dart
DA:9,1
DA:11,1
DA:12,1
DA:16,1
DA:18,1
DA:19,4
DA:22,1
DA:24,1
DA:25,1
DA:28,1
DA:30,1
DA:31,1
DA:32,1
DA:36,1
DA:37,1
DA:38,0
DA:39,0
DA:40,0
DA:42,2
LF:19
LH:16
end_of_record
SF:lib\presentation\widgets\tv_card.dart
DA:10,0
DA:12,0
DA:14,0
DA:16,0
DA:17,0
DA:18,0
DA:21,0
DA:24,0
DA:26,0
DA:27,0
DA:28,0
DA:34,0
DA:36,0
DA:37,0
DA:38,0
DA:41,0
DA:44,0
DA:45,0
DA:53,0
DA:58,0
DA:60,0
DA:61,0
DA:63,0
DA:66,0
LF:24
LH:0
end_of_record
SF:lib\presentation\pages\popular_tv_page.dart
DA:9,1
DA:11,1
DA:12,1
DA:16,1
DA:18,1
DA:19,4
DA:22,1
DA:24,1
DA:25,1
DA:28,1
DA:30,1
DA:31,1
DA:32,1
DA:36,1
DA:37,1
DA:38,0
DA:39,0
DA:40,0
DA:42,2
LF:19
LH:16
end_of_record
SF:lib\presentation\pages\search_tv_page.dart
DA:10,0
DA:12,0
DA:14,0
DA:15,0
DA:18,0
DA:20,0
DA:22,0
DA:23,0
DA:24,0
DA:25,0
DA:35,0
DA:37,0
DA:39,0
DA:40,0
DA:41,0
DA:45,0
DA:46,0
DA:47,0
DA:48,0
DA:50,0
DA:51,0
DA:52,0
DA:54,0
DA:57,0
DA:62,0
DA:63,0
LF:26
LH:0
end_of_record
SF:lib\presentation\pages\top_rated_tv_page.dart
DA:9,1
DA:11,1
DA:12,1
DA:16,1
DA:18,1
DA:19,4
DA:22,1
DA:24,1
DA:25,1
DA:28,1
DA:30,1
DA:31,1
DA:32,1
DA:36,1
DA:37,1
DA:38,0
DA:39,0
DA:40,0
DA:42,2
LF:19
LH:16
end_of_record
SF:lib\presentation\pages\tv_detail_page.dart
DA:17,1
DA:19,1
DA:20,1
DA:24,1
DA:26,1
DA:27,6
DA:28,1
DA:29,1
DA:30,4
DA:33,1
DA:35,1
DA:36,1
DA:37,1
DA:38,1
DA:39,1
DA:40,1
DA:41,4
DA:42,1
DA:43,1
DA:45,1
DA:46,1
DA:47,2
DA:50,1
DA:51,1
DA:52,4
DA:53,1
DA:54,1
DA:56,1
DA:57,1
DA:58,2
DA:63,1
DA:64,1
DA:65,1
DA:69,1
DA:70,1
DA:71,1
DA:72,1
DA:73,1
DA:90,1
DA:96,1
DA:98,3
DA:99,1
DA:100,1
DA:101,1
DA:102,3
DA:104,1
DA:107,0
DA:109,1
DA:111,1
DA:112,1
DA:113,1
DA:123,1
DA:124,1
DA:125,1
DA:127,1
DA:129,1
DA:131,1
DA:132,1
DA:133,2
DA:134,1
DA:136,1
DA:138,1
DA:139,1
DA:140,1
DA:141,1
DA:142,1
DA:143,1
DA:144,1
DA:146,1
DA:150,1
DA:151,1
DA:153,1
DA:154,2
DA:155,1
DA:158,1
DA:159,3
DA:162,1
DA:164,1
DA:165,1
DA:176,1
DA:177,3
DA:179,1
DA:180,1
DA:181,1
DA:182,3
DA:184,1
DA:190,4
DA:194,1
DA:196,1
DA:198,1
DA:199,2
DA:202,1
DA:204,1
DA:207,3
DA:208,1
DA:210,1
DA:211,2
DA:213,1
DA:216,1
DA:218,1
DA:220,1
DA:222,1
DA:225,0
DA:226,0
DA:227,0
DA:229,0
DA:230,0
DA:231,0
DA:234,0
DA:237,0
DA:241,0
DA:243,0
DA:244,0
DA:248,0
DA:255,2
DA:262,1
DA:264,1
DA:279,1
DA:281,1
DA:284,1
DA:286,0
DA:287,0
DA:296,1
DA:298,2
DA:299,3
DA:302,1
DA:306,3
DA:320,1
DA:321,1
DA:322,1
DA:325,1
DA:326,1
DA:328,1
DA:329,1
DA:330,1
DA:331,1
DA:335,1
DA:336,1
DA:337,2
DA:338,1
DA:342,1
DA:344,1
DA:345,1
DA:346,2
DA:347,1
DA:354,1
DA:355,2
DA:356,1
DA:360,1
DA:361,1
DA:369,3
DA:377,3
DA:378,1
DA:380,1
DA:381,1
DA:382,1
DA:383,1
DA:384,1
DA:387,1
DA:389,2
DA:390,1
DA:393,0
DA:397,1
DA:399,1
DA:400,1
DA:401,3
DA:403,1
DA:406,1
DA:411,1
DA:412,1
DA:414,1
DA:415,1
DA:416,2
DA:417,1
DA:420,1
DA:421,2
DA:422,1
DA:429,1
DA:430,1
DA:435,1
LF:180
LH:164
end_of_record
SF:lib\domain\usecases\get_watchlist_tvs.dart
DA:8,1
DA:10,1
DA:11,2
LF:3
LH:3
end_of_record
SF:lib\presentation\bloc\season_detail_bloc\season_detail_event.dart
DA:4,1
DA:6,0
DA:7,0
DA:14,1
DA:16,0
DA:17,0
LF:6
LH:2
end_of_record
SF:lib\presentation\bloc\season_detail_bloc\season_detail_bloc.dart
DA:11,3
DA:12,2
DA:13,2
DA:15,1
DA:17,3
DA:18,4
DA:20,2
DA:21,1
DA:25,1
DA:26,2
DA:30,2
LF:11
LH:11
end_of_record
SF:lib\presentation\bloc\season_detail_bloc\season_detail_state.dart
DA:4,2
DA:6,1
DA:7,1
DA:19,2
DA:21,1
DA:22,2
LF:6
LH:6
end_of_record
SF:lib\data\models\tv_response.dart
DA:7,3
DA:9,4
DA:10,4
DA:11,6
DA:12,6
DA:15,2
DA:16,5
DA:19,1
DA:20,2
LF:9
LH:9
end_of_record
SF:lib\data\repositories\tv_repository_impl.dart
DA:18,1
DA:24,1
DA:27,2
DA:28,5
DA:29,1
DA:31,1
DA:36,1
DA:39,2
DA:40,5
DA:41,1
DA:43,1
DA:48,1
DA:51,2
DA:52,5
DA:53,1
DA:55,1
DA:60,1
DA:63,2
DA:64,2
DA:65,1
DA:67,1
DA:72,1
DA:75,2
DA:76,5
DA:77,1
DA:79,1
DA:84,1
DA:87,2
DA:88,5
DA:89,1
DA:91,1
DA:96,1
DA:98,2
DA:102,1
DA:106,3
DA:107,1
DA:108,1
DA:109,3
DA:113,1
DA:117,3
DA:118,1
DA:119,1
DA:120,3
DA:124,1
DA:127,2
DA:128,5
DA:129,1
DA:130,3
DA:134,1
DA:138,2
DA:139,2
DA:140,1
DA:142,1
LF:53
LH:53
end_of_record
SF:lib\presentation\bloc\recommendation_tv_bloc\recommendation_tv_event.dart
DA:4,1
DA:6,0
DA:7,0
DA:13,1
DA:15,0
DA:16,0
LF:6
LH:2
end_of_record
SF:lib\presentation\bloc\recommendation_tv_bloc\recommendation_tv_state.dart
DA:4,1
DA:6,1
DA:7,1
DA:19,1
DA:21,1
DA:22,2
LF:6
LH:6
end_of_record
SF:lib\presentation\bloc\recommendation_tv_bloc\recommendation_tv_bloc.dart
DA:12,1
DA:13,2
DA:14,2
DA:15,2
DA:17,3
DA:19,2
DA:20,2
DA:21,1
DA:22,1
DA:23,2
DA:25,2
LF:11
LH:11
end_of_record
SF:lib\presentation\bloc\watchlist_tv_bloc\watchlist_tv_state.dart
DA:4,3
DA:6,1
DA:7,1
DA:19,2
DA:21,1
DA:22,2
LF:6
LH:6
end_of_record
SF:lib\presentation\bloc\watchlist_tv_bloc\watchlist_tv_bloc.dart
DA:11,3
DA:12,2
DA:13,2
DA:15,2
DA:17,2
DA:18,2
DA:19,1
DA:20,1
DA:21,2
DA:23,2
LF:10
LH:10
end_of_record
SF:lib\presentation\bloc\watchlist_tv_bloc\watchlist_tv_event.dart
DA:4,2
DA:6,0
DA:7,0
LF:3
LH:1
end_of_record
SF:lib\presentation\pages\watchlist_tv_page.dart
DA:10,1
DA:12,1
DA:13,1
DA:17,1
DA:19,1
DA:20,4
DA:23,1
DA:25,1
DA:26,4
DA:29,0
DA:31,0
DA:34,1
DA:36,1
DA:37,1
DA:40,1
DA:42,1
DA:43,1
DA:44,1
DA:48,1
DA:49,1
DA:50,0
DA:51,0
DA:52,0
DA:54,2
DA:56,1
DA:72,1
DA:74,2
DA:75,1
LF:28
LH:23
end_of_record
